
> consultoria-fitness@1.0.0 build-storybook
> storybook build --output-dir=C:\Users\alefe\AppData\Local\Temp\chromatic--5692-uwbBLvjlI4sD

[1m@storybook/core v8.4.4
[22m
info => Cleaning outputDir: [36m..\..\..\..\AppData\Local\Temp\chromatic--5692-uwbBLvjlI4sD[39m
info => Loading presets
info => Building manager..
info => Manager built ([38;2;181;126;229m334 ms[39m)
info => Building preview..
WARN No story files found for the specified pattern: [34msrc\**\*.mdx[39m
info Addon-docs: using MDX3
info => Using implicit CSS loaders
info => Using SWC as compiler
info => Using default Webpack5 setup
info => Copying static files: [36mpublic[39m at [36m..\..\..\..\AppData\Local\Temp\chromatic--5692-uwbBLvjlI4sD[39m
info Using tsconfig paths for react-docgen
WARN asset size limit: The following asset(s) exceed the recommended size limit (244 KiB).
WARN This can impact web performance.
WARN Assets: 
WARN   735.b643a614.iframe.bundle.js (356 KiB)
WARN   816.2325e756.iframe.bundle.js (2.08 MiB)
WARN   878.79882158.iframe.bundle.js (970 KiB)
WARN entrypoint size limit: The following entrypoint(s) combined asset size exceeds the recommended limit (244 KiB). This can impact web performance.
WARN Entrypoints:
WARN   main (2.14 MiB)
WARN       runtime~main.4e3501b8.iframe.bundle.js
WARN       816.2325e756.iframe.bundle.js
WARN       main.034e2be9.iframe.bundle.js
WARN 
info => Preview built ([38;2;181;126;229m22 s[39m)
info => Output directory: C:\Users\alefe\AppData\Local\Temp\chromatic--5692-uwbBLvjlI4sD
